<?xml version="1.0" encoding="UTF-8"?>
<testsuite name="com.nicolas.trabajo5.Trabajo5ApplicationTests" tests="1" skipped="0" failures="0" errors="0" timestamp="2023-10-02T04:51:23" hostname="DESKTOP-1UBDJB0" time="0.726">
  <properties/>
  <testcase name="contextLoads()" classname="com.nicolas.trabajo5.Trabajo5ApplicationTests" time="0.726"/>
  <system-out><![CDATA[01:51:19.596 [Test worker] INFO org.springframework.test.context.support.AnnotationConfigContextLoaderUtils -- Could not detect default configuration classes for test class [com.nicolas.trabajo5.Trabajo5ApplicationTests]: Trabajo5ApplicationTests does not declare any static, non-private, non-final, nested classes annotated with @Configuration.
01:51:19.701 [Test worker] INFO org.springframework.boot.test.context.SpringBootTestContextBootstrapper -- Found @SpringBootConfiguration com.nicolas.trabajo5.Trabajo5Application for test class com.nicolas.trabajo5.Trabajo5ApplicationTests

  .   ____          _            __ _ _
 /\\ / ___'_ __ _ _(_)_ __  __ _ \ \ \ \
( ( )\___ | '_ | '_| | '_ \/ _` | \ \ \ \
 \\/  ___)| |_)| | | | | || (_| |  ) ) ) )
  '  |____| .__|_| |_|_| |_\__, | / / / /
 =========|_|==============|___/=/_/_/_/
 :: Spring Boot ::                (v3.1.4)

2023-10-02T01:51:20.165-03:00  INFO 4072 --- [    Test worker] c.n.trabajo5.Trabajo5ApplicationTests    : Starting Trabajo5ApplicationTests using Java 17.0.8 with PID 4072 (started by nlucc in E:\Varios\UTN Cursado\Desarrollo Software\Clases\Practicos\Practico 5 - API Rest sin Pag\trabajo5)
2023-10-02T01:51:20.167-03:00  INFO 4072 --- [    Test worker] c.n.trabajo5.Trabajo5ApplicationTests    : No active profile set, falling back to 1 default profile: "default"
2023-10-02T01:51:21.007-03:00  INFO 4072 --- [    Test worker] .s.d.r.c.RepositoryConfigurationDelegate : Bootstrapping Spring Data JPA repositories in DEFAULT mode.
2023-10-02T01:51:21.032-03:00  INFO 4072 --- [    Test worker] .s.d.r.c.RepositoryConfigurationDelegate : Finished Spring Data repository scanning in 15 ms. Found 0 JPA repository interfaces.
2023-10-02T01:51:21.533-03:00  INFO 4072 --- [    Test worker] o.hibernate.jpa.internal.util.LogHelper  : HHH000204: Processing PersistenceUnitInfo [name: default]
2023-10-02T01:51:21.613-03:00  INFO 4072 --- [    Test worker] org.hibernate.Version                    : HHH000412: Hibernate ORM core version 6.2.9.Final
2023-10-02T01:51:21.616-03:00  INFO 4072 --- [    Test worker] org.hibernate.cfg.Environment            : HHH000406: Using bytecode reflection optimizer
2023-10-02T01:51:21.822-03:00  INFO 4072 --- [    Test worker] o.h.b.i.BytecodeProviderInitiator        : HHH000021: Bytecode provider name : bytebuddy
2023-10-02T01:51:22.012-03:00  INFO 4072 --- [    Test worker] o.s.o.j.p.SpringPersistenceUnitInfo      : No LoadTimeWeaver setup: ignoring JPA class transformer
2023-10-02T01:51:22.043-03:00  INFO 4072 --- [    Test worker] com.zaxxer.hikari.HikariDataSource       : HikariPool-1 - Starting...
2023-10-02T01:51:22.321-03:00  INFO 4072 --- [    Test worker] com.zaxxer.hikari.pool.HikariPool        : HikariPool-1 - Added connection conn0: url=jdbc:h2:mem:./betodb user=SA
2023-10-02T01:51:22.323-03:00  INFO 4072 --- [    Test worker] com.zaxxer.hikari.HikariDataSource       : HikariPool-1 - Start completed.
2023-10-02T01:51:22.494-03:00  INFO 4072 --- [    Test worker] o.h.b.i.BytecodeProviderInitiator        : HHH000021: Bytecode provider name : bytebuddy
2023-10-02T01:51:22.753-03:00  INFO 4072 --- [    Test worker] o.h.e.t.j.p.i.JtaPlatformInitiator       : HHH000490: Using JtaPlatform implementation: [org.hibernate.engine.transaction.jta.platform.internal.NoJtaPlatform]
2023-10-02T01:51:22.760-03:00  INFO 4072 --- [    Test worker] j.LocalContainerEntityManagerFactoryBean : Initialized JPA EntityManagerFactory for persistence unit 'default'
2023-10-02T01:51:23.037-03:00  WARN 4072 --- [    Test worker] JpaBaseConfiguration$JpaWebConfiguration : spring.jpa.open-in-view is enabled by default. Therefore, database queries may be performed during view rendering. Explicitly configure spring.jpa.open-in-view to disable this warning
2023-10-02T01:51:23.885-03:00  INFO 4072 --- [    Test worker] o.s.b.a.h2.H2ConsoleAutoConfiguration    : H2 console available at '/h2-console'. Database available at 'jdbc:h2:mem:./betodb'
2023-10-02T01:51:23.948-03:00  INFO 4072 --- [    Test worker] c.n.trabajo5.Trabajo5ApplicationTests    : Started Trabajo5ApplicationTests in 4.06 seconds (process running for 5.27)
]]></system-out>
  <system-err><![CDATA[]]></system-err>
</testsuite>
